operation2019/09/04 10:31:12 logger.go:98: create dir default is /data/tmp
operation2019/09/04 10:31:12 logger.go:99: ------------------info-------------------------
operation2019/09/04 10:31:12 logger.go:36: apt-get update cmd exec failed!
operation2019/09/04 10:31:12 logger.go:37: <nil>
operation2019/09/04 10:31:12 logger.go:38: ------------------fey-------------------------
operation2019/09/04 10:31:12 logger.go:98: exec faild: apt-get update 
operation2019/09/04 10:31:12 logger.go:99: ------------------info-------------------------
operation2019/09/04 10:31:12 logger.go:36: apt-get install -y openssl python3-pip 8lab-zeromq4 cmd exec failed!
operation2019/09/04 10:31:12 logger.go:37: <nil>
operation2019/09/04 10:31:12 logger.go:38: ------------------fey-------------------------
operation2019/09/04 10:31:12 logger.go:98: exec faild: apt-get install  
operation2019/09/04 10:31:12 logger.go:99: ------------------info-------------------------
operation2019/09/04 10:31:12 logger.go:36: pip3 install -r requirements.txt cmd exec failed!
operation2019/09/04 10:31:12 logger.go:37: <nil>
operation2019/09/04 10:31:12 logger.go:38: ------------------fey-------------------------
operation2019/09/04 10:31:12 logger.go:98: exec faild: pip3 install 
operation2019/09/04 10:31:12 logger.go:99: ------------------info-------------------------
operation2019/09/04 10:32:10 logger.go:36: apt-get update cmd exec failed!
operation2019/09/04 10:32:10 logger.go:37: <nil>
operation2019/09/04 10:32:10 logger.go:38: ------------------fey-------------------------
operation2019/09/04 10:32:10 logger.go:98: exec faild: apt-get update 
operation2019/09/04 10:32:10 logger.go:99: ------------------info-------------------------
operation2019/09/04 10:32:10 logger.go:36: apt-get install -y openssl python3-pip 8lab-zeromq4 cmd exec failed!
operation2019/09/04 10:32:10 logger.go:37: <nil>
operation2019/09/04 10:32:10 logger.go:38: ------------------fey-------------------------
operation2019/09/04 10:32:10 logger.go:98: exec faild: apt-get install  
operation2019/09/04 10:32:10 logger.go:99: ------------------info-------------------------
operation2019/09/04 10:32:10 logger.go:36: pip3 install -r requirements.txt cmd exec failed!
operation2019/09/04 10:32:10 logger.go:37: <nil>
operation2019/09/04 10:32:10 logger.go:38: ------------------fey-------------------------
operation2019/09/04 10:32:10 logger.go:98: exec faild: pip3 install 
operation2019/09/04 10:32:10 logger.go:99: ------------------info-------------------------
operation2019/09/04 10:32:24 logger.go:36: apt-get update cmd exec failed!
operation2019/09/04 10:32:24 logger.go:37: <nil>
operation2019/09/04 10:32:24 logger.go:38: ------------------fey-------------------------
operation2019/09/04 10:32:24 logger.go:98: exec faild: apt-get update 
operation2019/09/04 10:32:24 logger.go:99: ------------------info-------------------------
operation2019/09/04 10:32:24 logger.go:36: apt-get install -y openssl python3-pip 8lab-zeromq4 cmd exec failed!
operation2019/09/04 10:32:24 logger.go:37: <nil>
operation2019/09/04 10:32:24 logger.go:38: ------------------fey-------------------------
operation2019/09/04 10:32:24 logger.go:98: exec faild: apt-get install  
operation2019/09/04 10:32:24 logger.go:99: ------------------info-------------------------
operation2019/09/04 10:32:24 logger.go:36: pip3 install -r requirements.txt cmd exec failed!
operation2019/09/04 10:32:24 logger.go:37: <nil>
operation2019/09/04 10:32:24 logger.go:38: ------------------fey-------------------------
operation2019/09/04 10:32:24 logger.go:98: exec faild: pip3 install 
operation2019/09/04 10:32:24 logger.go:99: ------------------info-------------------------
